<?xml version="1.0" encoding="UTF-8"?>
<!-- Generated by org.testng.reporters.JUnitReportReporter -->
<testsuite hostname="ACER" failures="0" tests="9" name="TestingNGDEMO.InstagramTestNG" time="110.712" errors="0" timestamp="2023-03-27T21:49:48 IST" skipped="0">
  <testcase classname="TestingNGDEMO.InstagramTestNG" name="VerifyInstagramLink" time="10.925"/>
  <system-out/>
  <testcase classname="TestingNGDEMO.InstagramTestNG" name="VerifyInstagramLink" time="9.330"/>
  <system-out/>
  <testcase classname="TestingNGDEMO.InstagramTestNG" name="VerifyInstagramLink" time="6.208"/>
  <system-out/>
  <testcase classname="TestingNGDEMO.InstagramTestNG" name="VerifyForgotPassworfLinkInstagram" time="19.319"/>
  <system-out/>
  <testcase classname="TestingNGDEMO.InstagramTestNG" name="VerifyForgotPassworfLinkInstagram" time="17.640"/>
  <system-out/>
  <testcase classname="TestingNGDEMO.InstagramTestNG" name="VerifyForgotPassworfLinkInstagram" time="27.123"/>
  <system-out/>
  <testcase classname="TestingNGDEMO.InstagramTestNG" name="VerifyGOHOMEpAGE" time="5.939"/>
  <system-out/>
  <testcase classname="TestingNGDEMO.InstagramTestNG" name="VerifyGOHOMEpAGE" time="6.863"/>
  <system-out/>
  <testcase classname="TestingNGDEMO.InstagramTestNG" name="VerifyGOHOMEpAGE" time="7.365"/>
  <system-out/>
</testsuite> <!-- TestingNGDEMO.InstagramTestNG -->
