<?xml version="1.0" encoding="UTF-8"?>
<!-- Generated by org.testng.reporters.JUnitReportReporter -->
<testsuite hostname="ACER" failures="0" tests="2" name="Package2.Verify" time="26.206" errors="0" timestamp="2023-03-22T18:18:02 IST" skipped="0">
  <testcase classname="Package2.Verify" name="VerifyCancelbuttononForgotpasswordpage" time="23.861"/>
  <system-out/>
  <testcase classname="Package2.Verify" name="VerifyMessageonforgotpasswordPage" time="2.345"/>
  <system-out/>
</testsuite> <!-- Package2.Verify -->
