<?xml version="1.0" encoding="UTF-8"?>
<!-- Generated by org.testng.reporters.JUnitReportReporter -->
<testsuite hostname="ACER" failures="0" tests="6" name="TestingNGDEMO.TestNGClass1" time="117.050" errors="0" timestamp="2023-03-27T18:56:59 IST" skipped="0">
  <testcase classname="TestingNGDEMO.TestNGClass1" name="VerifyMessageonforgotpasswordPage" time="6.037"/>
  <system-out/>
  <testcase classname="TestingNGDEMO.TestNGClass1" name="VerifyMessageonforgotpasswordPage" time="4.465"/>
  <system-out/>
  <testcase classname="TestingNGDEMO.TestNGClass1" name="VerifyMessageonforgotpasswordPage" time="90.686"/>
  <system-out/>
  <testcase classname="TestingNGDEMO.TestNGClass1" name="VerifyCancelbuttononForgotpasswordpage" time="6.551"/>
  <system-out/>
  <testcase classname="TestingNGDEMO.TestNGClass1" name="VerifyCancelbuttononForgotpasswordpage" time="6.098"/>
  <system-out/>
  <testcase classname="TestingNGDEMO.TestNGClass1" name="VerifyCancelbuttononForgotpasswordpage" time="3.213"/>
  <system-out/>
</testsuite> <!-- TestingNGDEMO.TestNGClass1 -->
